<?xml version="1.0" encoding="UTF-8"?>
<testng-results ignored="0" total="1" passed="1" failed="0" skipped="0">
  <reporter-output>
  </reporter-output>
  <suite started-at="2021-03-10T15:12:01 IST" name="Default suite" finished-at="2021-03-10T15:12:03 IST" duration-ms="2035">
    <groups>
    </groups>
    <test started-at="2021-03-10T15:12:01 IST" name="Default test" finished-at="2021-03-10T15:12:03 IST" duration-ms="2035">
      <class name="Restassured.Test01_getAPI">
        <test-method signature="getAPI()[pri:0, instance:Restassured.Test01_getAPI@6a6afff2]" started-at="2021-03-10T15:12:01 IST" name="getAPI" finished-at="2021-03-10T15:12:03 IST" duration-ms="1997" status="PASS">
          <reporter-output>
          </reporter-output>
        </test-method> <!-- getAPI -->
      </class> <!-- Restassured.Test01_getAPI -->
    </test> <!-- Default test -->
  </suite> <!-- Default suite -->
</testng-results>
